{"event": "config", "task": "fetch_push", "env_id": "FetchPush-v4", "output_root": "runs", "seed": 41, "collect_steps": 400000, "collect_log_every": 20000, "train_steps": 130000, "batch_size": 512, "horizons": [1, 2, 4, 8, 16], "latent_dim": 128, "hidden_dim": 512, "predictor_mode": "recurrent", "residual_prediction": false, "lr": 0.0003, "ema": 0.996, "scripted_fraction": 0.75, "controller_gain": 12.0, "action_noise": 0.25, "max_episode_steps": 100, "lambda_var": 0.02, "lambda_probe": 0.2, "lambda_achieved": 5.0, "lambda_distance": 0.05, "lambda_goal": 0.05, "lambda_pred_probe": 0.5, "lambda_pred_achieved": 30.0, "lambda_pred_goal": 0.2, "eval_episodes": 5, "mpc_candidates": 128, "mpc_horizon": 12, "log_every": 500, "save_path": "runs/fetch_push/checkpoints/push_v2_checkpoint.pt", "model_path": "runs/fetch_push/checkpoints/push_v2_model.pt", "save_every": 20000, "device": "cuda", "smoke": false}
AdroitHandRelocateDense-v1, AdroitHandHammerDense-v1, AdroitHandDoorDense-v1 environment's reward functions were updated in v1.2.1 without an environment version update. Therefore, use gymnasium-robotics==1.2.0 for v1 reproducibility or use v2 in gymnasium-robotics>=1.4.3. See https://github.com/Farama-Foundation/Gymnasium-Robotics/pull/220 for more details
{"event": "collect", "steps": 20000, "target_steps": 400000}
{"event": "collect", "steps": 40000, "target_steps": 400000}
{"event": "collect", "steps": 60000, "target_steps": 400000}
{"event": "collect", "steps": 80000, "target_steps": 400000}
{"event": "collect", "steps": 100000, "target_steps": 400000}
{"event": "collect", "steps": 120000, "target_steps": 400000}
{"event": "collect", "steps": 140000, "target_steps": 400000}
{"event": "collect", "steps": 160000, "target_steps": 400000}
{"event": "collect", "steps": 180000, "target_steps": 400000}
{"event": "collect", "steps": 200000, "target_steps": 400000}
{"event": "collect", "steps": 220000, "target_steps": 400000}
{"event": "collect", "steps": 240000, "target_steps": 400000}
{"event": "collect", "steps": 260000, "target_steps": 400000}
{"event": "collect", "steps": 280000, "target_steps": 400000}
{"event": "collect", "steps": 300000, "target_steps": 400000}
{"event": "collect", "steps": 320000, "target_steps": 400000}
{"event": "collect", "steps": 340000, "target_steps": 400000}
{"event": "collect", "steps": 360000, "target_steps": 400000}
{"event": "collect", "steps": 380000, "target_steps": 400000}
{"event": "collect", "steps": 400000, "target_steps": 400000}
{"event": "train", "step": 1, "loss": 0.8967565894126892, "pred": 0.013067019172012806, "var": 0.7122740745544434, "probe": 1.031854271888733, "achieved": 0.0033353581093251705, "distance": 0.009199343621730804, "goal": 0.011756747961044312, "pred_probe": 1.0104678869247437, "pred_achieved": 0.0031373777892440557, "pred_goal": 0.2299666851758957}
{"event": "train", "step": 500, "loss": 0.0920494869351387, "pred": 0.0017689932137727737, "var": 0.0003920178860425949, "probe": 0.014083738438785076, "achieved": 1.6065730960690416e-05, "distance": 0.00022194358462002128, "goal": 0.0037494846619665623, "pred_probe": 0.16622348129749298, "pred_achieved": 6.382376159308478e-05, "pred_goal": 0.01075279526412487}
{"event": "train", "step": 1000, "loss": 0.07779302448034286, "pred": 0.0013504666276276112, "var": 7.379893213510513e-05, "probe": 0.007343718782067299, "achieved": 8.995024472824298e-06, "distance": 0.0001236879179487005, "goal": 0.005152727942913771, "pred_probe": 0.14280013740062714, "pred_achieved": 4.2267995013389736e-05, "pred_goal": 0.00997717585414648}
{"event": "train", "step": 1500, "loss": 0.07852479815483093, "pred": 0.0012666595866903663, "var": 0.000503049697726965, "probe": 0.006842395756393671, "achieved": 7.026289495115634e-06, "distance": 7.924233796074986e-05, "goal": 0.0027265488170087337, "pred_probe": 0.14297595620155334, "pred_achieved": 4.7016528696985915e-05, "pred_goal": 0.014028504490852356}
{"event": "train", "step": 2000, "loss": 0.067817322909832, "pred": 0.001153726363554597, "var": 0.0001279721036553383, "probe": 0.00664866017177701, "achieved": 6.9312172854552045e-06, "distance": 7.37289956305176e-05, "goal": 0.005883704870939255, "pred_probe": 0.12344423681497574, "pred_achieved": 4.23941201006528e-05, "pred_goal": 0.01002418901771307}
{"event": "train", "step": 2500, "loss": 0.08718688786029816, "pred": 0.0012469700304791331, "var": 0.0001568300649523735, "probe": 0.005805029533803463, "achieved": 5.431094905361533e-06, "distance": 5.0594266213010997e-05, "goal": 0.006904147565364838, "pred_probe": 0.16215835511684418, "pred_achieved": 4.647958485293202e-05, "pred_goal": 0.009636564180254936}
{"event": "train", "step": 3000, "loss": 0.06804604828357697, "pred": 0.0012002461589872837, "var": 8.136965334415436e-05, "probe": 0.00475761853158474, "achieved": 4.294586233299924e-06, "distance": 4.906954200123437e-05, "goal": 0.006044592242687941, "pred_probe": 0.125205859541893, "pred_achieved": 3.544474020600319e-05, "pred_goal": 0.009501136839389801}
{"event": "train", "step": 3500, "loss": 0.07246933877468109, "pred": 0.0012524235062301159, "var": 1.5140976756811142e-05, "probe": 0.005477563012391329, "achieved": 7.442578407790279e-06, "distance": 6.17466212133877e-05, "goal": 0.00283497991040349, "pred_probe": 0.1340441256761551, "pred_achieved": 3.461645610514097e-05, "pred_goal": 0.009392465464770794}
{"event": "train", "step": 4000, "loss": 0.06813235580921173, "pred": 0.0013446937082335353, "var": 0.0, "probe": 0.006816950161010027, "achieved": 4.656855253415415e-06, "distance": 6.0220489103812724e-05, "goal": 0.005047519225627184, "pred_probe": 0.12484685331583023, "pred_achieved": 3.24306711263489e-05, "pred_goal": 0.008746291510760784}
{"event": "train", "step": 4500, "loss": 0.06722485274076462, "pred": 0.0012888908386230469, "var": 0.0, "probe": 0.005587451625615358, "achieved": 4.879489551967708e-06, "distance": 3.588616891647689e-05, "goal": 0.002445391844958067, "pred_probe": 0.12408190220594406, "pred_achieved": 2.837402826116886e-05, "pred_goal": 0.00888916291296482}
{"event": "train", "step": 5000, "loss": 0.06615111976861954, "pred": 0.0013867024099454284, "var": 0.0, "probe": 0.005955202039331198, "achieved": 5.956215318292379e-06, "distance": 3.404427843634039e-05, "goal": 0.0018204022198915482, "pred_probe": 0.12015777081251144, "pred_achieved": 2.8350059437798336e-05, "pred_goal": 0.012607462704181671}
{"event": "train", "step": 5500, "loss": 0.0736517682671547, "pred": 0.0013413956621661782, "var": 0.00023515895009040833, "probe": 0.006062887143343687, "achieved": 6.884396498207934e-06, "distance": 2.817955828504637e-05, "goal": 0.005284580402076244, "pred_probe": 0.13603776693344116, "pred_achieved": 3.2241165172308683e-05, "pred_goal": 0.009034580551087856}
{"event": "train", "step": 6000, "loss": 0.06802451610565186, "pred": 0.0013069882988929749, "var": 9.686779230833054e-05, "probe": 0.008192400448024273, "achieved": 5.07612958244863e-06, "distance": 3.664069663500413e-05, "goal": 0.004930900409817696, "pred_probe": 0.12440289556980133, "pred_achieved": 2.9613836886710487e-05, "pred_goal": 0.00856746919453144}
{"event": "train", "step": 6500, "loss": 0.06267382204532623, "pred": 0.0013446419034153223, "var": 0.0, "probe": 0.004314671270549297, "achieved": 4.128984983253758e-06, "distance": 2.7231468266109005e-05, "goal": 0.001967635005712509, "pred_probe": 0.11380045861005783, "pred_achieved": 2.9858818379580043e-05, "pred_goal": 0.012749318964779377}
{"event": "train", "step": 7000, "loss": 0.05487724393606186, "pred": 0.0012559726601466537, "var": 0.0001474311575293541, "probe": 0.003876875853165984, "achieved": 4.4382554733601864e-06, "distance": 2.7975787816103548e-05, "goal": 0.0026432201266288757, "pred_probe": 0.10062239319086075, "pred_achieved": 2.3637239792151377e-05, "pred_goal": 0.008334433659911156}
{"event": "train", "step": 7500, "loss": 0.057725559920072556, "pred": 0.0013018464669585228, "var": 0.00019576866179704666, "probe": 0.004028129391372204, "achieved": 4.011678356619086e-06, "distance": 2.8339456548565067e-05, "goal": 0.006111206021159887, "pred_probe": 0.10581560432910919, "pred_achieved": 2.4205826775869355e-05, "pred_goal": 0.008265799842774868}
{"event": "train", "step": 8000, "loss": 0.05685724318027496, "pred": 0.0012902122689411044, "var": 0.0, "probe": 0.005117377266287804, "achieved": 6.551506430696463e-06, "distance": 2.2019205061951652e-05, "goal": 0.001829018583521247, "pred_probe": 0.10375797748565674, "pred_achieved": 2.499305992387235e-05, "pred_goal": 0.008947332389652729}
{"event": "train", "step": 8500, "loss": 0.053534649312496185, "pred": 0.0012335454812273383, "var": 0.0, "probe": 0.003468617796897888, "achieved": 4.31802254752256e-06, "distance": 1.924851312651299e-05, "goal": 0.0061340611428022385, "pred_probe": 0.0977979451417923, "pred_achieved": 2.1811307306052186e-05, "pred_goal": 0.008624058216810226}
{"event": "train", "step": 9000, "loss": 0.050127606838941574, "pred": 0.0012019550194963813, "var": 0.0, "probe": 0.0042732395231723785, "achieved": 5.089460955787217e-06, "distance": 1.7960250261239707e-05, "goal": 0.00209157750941813, "pred_probe": 0.09095277637243271, "pred_achieved": 2.693282840482425e-05, "pred_goal": 0.008278529159724712}
{"event": "train", "step": 9500, "loss": 0.05201621726155281, "pred": 0.0012819046387448907, "var": 3.092503175139427e-05, "probe": 0.004023912828415632, "achieved": 3.984388968092389e-06, "distance": 1.8300237570656464e-05, "goal": 0.002915098797529936, "pred_probe": 0.0951039269566536, "pred_achieved": 2.1932670279056765e-05, "pred_goal": 0.0077618821524083614}
{"event": "train", "step": 10000, "loss": 0.060492221266031265, "pred": 0.001234597060829401, "var": 0.0, "probe": 0.00427354546263814, "achieved": 3.868114617944229e-06, "distance": 2.1101675883983262e-05, "goal": 0.004024329595267773, "pred_probe": 0.11214927583932877, "pred_achieved": 2.1959422156214714e-05, "pred_goal": 0.007239403668791056}
{"event": "train", "step": 10500, "loss": 0.058720663189888, "pred": 0.0012633111327886581, "var": 0.0, "probe": 0.004668938461691141, "achieved": 4.265091774868779e-06, "distance": 1.763932959875092e-05, "goal": 0.005597773939371109, "pred_probe": 0.1079239621758461, "pred_achieved": 2.1742180251749232e-05, "pred_goal": 0.008036111481487751}
{"event": "train", "step": 11000, "loss": 0.05167978256940842, "pred": 0.0012628379045054317, "var": 0.0, "probe": 0.00506307790055871, "achieved": 4.397565589897567e-06, "distance": 1.7959577235160396e-05, "goal": 0.0035246240440756083, "pred_probe": 0.09353704005479813, "pred_achieved": 2.2046611775294878e-05, "pred_goal": 0.008876467123627663}
{"event": "train", "step": 11500, "loss": 0.049498893320560455, "pred": 0.001242435653693974, "var": 0.0, "probe": 0.0035268047358840704, "achieved": 3.414750153751811e-06, "distance": 1.3903121725888923e-05, "goal": 0.015313943848013878, "pred_probe": 0.08763857930898666, "pred_achieved": 2.1066813133074902e-05, "pred_goal": 0.01158167701214552}
{"event": "train", "step": 12000, "loss": 0.04911540076136589, "pred": 0.001231333357281983, "var": 0.0, "probe": 0.0037822711747139692, "achieved": 3.2567995731369592e-06, "distance": 1.4861741874483414e-05, "goal": 0.0033183107152581215, "pred_probe": 0.08999854326248169, "pred_achieved": 1.881501702882815e-05, "pred_goal": 0.006904723588377237}
{"event": "train", "step": 12500, "loss": 0.04782479628920555, "pred": 0.001229636138305068, "var": 0.0, "probe": 0.003805628977715969, "achieved": 2.7567662073124666e-06, "distance": 1.4248786101234145e-05, "goal": 0.005240472499281168, "pred_probe": 0.08687062561511993, "pred_achieved": 1.653855542826932e-05, "pred_goal": 0.008130230940878391}
{"event": "train", "step": 13000, "loss": 0.05017801746726036, "pred": 0.0012661543441936374, "var": 0.0, "probe": 0.004868632648140192, "achieved": 3.6204753541824175e-06, "distance": 1.7045407730620354e-05, "goal": 0.012267611920833588, "pred_probe": 0.0893588662147522, "pred_achieved": 2.1274699975037947e-05, "pred_goal": 0.009940627962350845}
{"event": "train", "step": 13500, "loss": 0.050481878221035004, "pred": 0.0012472275411710143, "var": 0.0, "probe": 0.0035610480699688196, "achieved": 2.749061877693748e-06, "distance": 1.3017211131227668e-05, "goal": 0.004562351852655411, "pred_probe": 0.09246902912855148, "pred_achieved": 1.959941982931923e-05, "pred_goal": 0.007287146057933569}
{"event": "train", "step": 14000, "loss": 0.04444916918873787, "pred": 0.0011783000081777573, "var": 0.000145710539072752, "probe": 0.0037033152766525745, "achieved": 4.583185727824457e-06, "distance": 1.2486225386965089e-05, "goal": 0.011731818318367004, "pred_probe": 0.07851626724004745, "pred_achieved": 2.39283745031571e-05, "pred_goal": 0.009705869480967522}
{"event": "train", "step": 14500, "loss": 0.048743151128292084, "pred": 0.0011805599788203835, "var": 7.328251376748085e-05, "probe": 0.0042465562000870705, "achieved": 3.141391061944887e-06, "distance": 1.5367377272923477e-05, "goal": 0.003465089714154601, "pred_probe": 0.08948411047458649, "pred_achieved": 1.8142514818464406e-05, "pred_goal": 0.006178759969770908}
{"event": "train", "step": 15000, "loss": 0.04434358701109886, "pred": 0.0012160454643890262, "var": 0.0, "probe": 0.0038990708999335766, "achieved": 2.79734808827925e-06, "distance": 1.0356326129112858e-05, "goal": 0.001755513483658433, "pred_probe": 0.07979869097471237, "pred_achieved": 1.7818672858993523e-05, "pred_goal": 0.009057710878551006}
{"event": "train", "step": 15500, "loss": 0.042555589228868484, "pred": 0.001196505269035697, "var": 0.0, "probe": 0.003120406996458769, "achieved": 2.9372672543104272e-06, "distance": 1.0769717846415006e-05, "goal": 0.007830552756786346, "pred_probe": 0.0760725885629654, "pred_achieved": 1.9099066776107065e-05, "pred_goal": 0.008594915270805359}
{"event": "train", "step": 16000, "loss": 0.047960348427295685, "pred": 0.0012495117262005806, "var": 0.0, "probe": 0.003267768770456314, "achieved": 2.7395799406804144e-06, "distance": 1.2535997484519612e-05, "goal": 0.0036831535398960114, "pred_probe": 0.08754204958677292, "pred_achieved": 1.7091073459596373e-05, "pred_goal": 0.007875228300690651}
{"event": "train", "step": 16500, "loss": 0.04755103960633278, "pred": 0.0012619182234629989, "var": 0.00026681553572416306, "probe": 0.003974799532443285, "achieved": 5.2488517212623265e-06, "distance": 1.230937778018415e-05, "goal": 0.0022147330455482006, "pred_probe": 0.08458703756332397, "pred_achieved": 2.311762909812387e-05, "pred_goal": 0.01182091236114502}
{"event": "train", "step": 17000, "loss": 0.05202769860625267, "pred": 0.0013296183897182345, "var": 0.0, "probe": 0.003923795185983181, "achieved": 3.91577168556978e-06, "distance": 1.1492116755107418e-05, "goal": 0.002765513025224209, "pred_probe": 0.09301404654979706, "pred_achieved": 2.1409328837762587e-05, "pred_goal": 0.013027933426201344}
{"event": "train", "step": 17500, "loss": 0.042240217328071594, "pred": 0.0012049560900777578, "var": 0.0, "probe": 0.0036206499207764864, "achieved": 2.5945682864403352e-06, "distance": 1.0030084013123997e-05, "goal": 0.003066837787628174, "pred_probe": 0.0760330781340599, "pred_achieved": 1.8545903003541753e-05, "pred_goal": 0.007856999523937702}
{"event": "train", "step": 18000, "loss": 0.040060948580503464, "pred": 0.0011817439226433635, "var": 0.0, "probe": 0.003250699955970049, "achieved": 3.2723319236538373e-06, "distance": 1.00598908829852e-05, "goal": 0.001675535924732685, "pred_probe": 0.07207237929105759, "pred_achieved": 1.7805008610594086e-05, "pred_goal": 0.007790425326675177}
{"event": "train", "step": 18500, "loss": 0.041620947420597076, "pred": 0.0011853870237246156, "var": 0.0, "probe": 0.003263945458456874, "achieved": 2.8626207040360896e-06, "distance": 8.7350936155417e-06, "goal": 0.0024896026588976383, "pred_probe": 0.07358155399560928, "pred_achieved": 1.7326290617347695e-05, "pred_goal": 0.011664879508316517}
{"event": "train", "step": 19000, "loss": 0.041973747313022614, "pred": 0.0012000505812466145, "var": 0.0, "probe": 0.0036916399840265512, "achieved": 3.434224254306173e-06, "distance": 1.177896137960488e-05, "goal": 0.0034429067745804787, "pred_probe": 0.07582225650548935, "pred_achieved": 1.960541521839332e-05, "pred_goal": 0.0067308577708899975}
{"event": "train", "step": 19500, "loss": 0.032740287482738495, "pred": 0.0011332774301990867, "var": 0.0, "probe": 0.0028566434048116207, "achieved": 1.9917833924409933e-06, "distance": 7.791167263349053e-06, "goal": 0.003908793441951275, "pred_probe": 0.05783741548657417, "pred_achieved": 1.3654522263095714e-05, "pred_goal": 0.007507751230150461}
{"event": "train", "step": 20000, "loss": 0.037454262375831604, "pred": 0.0011672528926283121, "var": 0.0, "probe": 0.003934403881430626, "achieved": 4.30737281931215e-06, "distance": 1.0414338248665445e-05, "goal": 0.0031214989721775055, "pred_probe": 0.06682419031858444, "pred_achieved": 1.8481825463823043e-05, "pred_goal": 0.006777237635105848}
{"event": "saved", "path": "runs/fetch_push/checkpoints/push_v2_checkpoint.pt", "step": 20000}
{"event": "saved_model", "path": "runs/fetch_push/checkpoints/push_v2_model.pt", "step": 20000}
{"event": "train", "step": 20500, "loss": 0.04574724659323692, "pred": 0.00123845343478024, "var": 0.0, "probe": 0.003598956624045968, "achieved": 3.2804737202241085e-06, "distance": 8.660449566377793e-06, "goal": 0.005226142704486847, "pred_probe": 0.08200310915708542, "pred_achieved": 2.027744267252274e-05, "pred_goal": 0.009504897519946098}
{"event": "train", "step": 21000, "loss": 0.035832080990076065, "pred": 0.0012119057355448604, "var": 8.348282426595688e-05, "probe": 0.0029214019887149334, "achieved": 2.806435077218339e-06, "distance": 7.874468792579137e-06, "goal": 0.0037946130614727736, "pred_probe": 0.06354202330112457, "pred_achieved": 1.713892379484605e-05, "pred_goal": 0.007724441587924957}
{"event": "train", "step": 21500, "loss": 0.0360950231552124, "pred": 0.0011794063029810786, "var": 0.0, "probe": 0.0028633547481149435, "achieved": 2.2998808617558097e-06, "distance": 7.041962362563936e-06, "goal": 0.005059587769210339, "pred_probe": 0.0639350563287735, "pred_achieved": 1.6079995475593023e-05, "pred_goal": 0.00814093742519617}
{"event": "train", "step": 22000, "loss": 0.0368623211979866, "pred": 0.0011842589592561126, "var": 0.0, "probe": 0.0036210387479513884, "achieved": 3.656175522337435e-06, "distance": 5.81929862164543e-06, "goal": 0.0043621305376291275, "pred_probe": 0.06540849059820175, "pred_achieved": 1.84209620783804e-05, "pred_goal": 0.007301520090550184}
{"event": "train", "step": 22500, "loss": 0.0455545112490654, "pred": 0.00122644507791847, "var": 0.0, "probe": 0.003205980872735381, "achieved": 2.113533128067502e-06, "distance": 7.89107616583351e-06, "goal": 0.005170238204300404, "pred_probe": 0.0822785496711731, "pred_achieved": 2.0469058654271066e-05, "pred_goal": 0.008320234715938568}
{"event": "train", "step": 23000, "loss": 0.03910895064473152, "pred": 0.0012510648230090737, "var": 0.0, "probe": 0.0027786502614617348, "achieved": 2.930662958533503e-06, "distance": 7.165382612583926e-06, "goal": 0.004260509740561247, "pred_probe": 0.0701017901301384, "pred_achieved": 1.856443668657448e-05, "pred_goal": 0.007331452798098326}
{"event": "train", "step": 23500, "loss": 0.0364459864795208, "pred": 0.0011242100736126304, "var": 0.0, "probe": 0.002954118186607957, "achieved": 3.2367674975830596e-06, "distance": 7.5490415838430636e-06, "goal": 0.001597163500264287, "pred_probe": 0.06520192325115204, "pred_achieved": 1.7494463463663124e-05, "pred_goal": 0.007543701212853193}
{"event": "train", "step": 24000, "loss": 0.03792954236268997, "pred": 0.0011735622538253665, "var": 0.0, "probe": 0.002775755478069186, "achieved": 3.051719886570936e-06, "distance": 6.339062565530185e-06, "goal": 0.0021160910837352276, "pred_probe": 0.06662498414516449, "pred_achieved": 1.6735893950681202e-05, "pred_goal": 0.011324402876198292}
{"event": "train", "step": 24500, "loss": 0.036257319152355194, "pred": 0.001174946315586567, "var": 0.0, "probe": 0.0030793258920311928, "achieved": 2.125970240740571e-06, "distance": 9.14470092538977e-06, "goal": 0.0047458466142416, "pred_probe": 0.06462440639734268, "pred_achieved": 1.7007128917612135e-05, "pred_goal": 0.006978543940931559}
{"event": "train", "step": 25000, "loss": 0.03640008717775345, "pred": 0.0011591165093705058, "var": 0.0, "probe": 0.003056742949411273, "achieved": 2.873053517760127e-06, "distance": 6.2306871768669225e-06, "goal": 0.002706938423216343, "pred_probe": 0.06501517444849014, "pred_achieved": 1.706989496597089e-05, "pred_goal": 0.007299583405256271}
{"event": "train", "step": 25500, "loss": 0.035230573266744614, "pred": 0.0011915733339264989, "var": 0.0, "probe": 0.0032464966643601656, "achieved": 2.518457904443494e-06, "distance": 7.210166586446576e-06, "goal": 0.004289531148970127, "pred_probe": 0.06239641457796097, "pred_achieved": 1.7624221072765067e-05, "pred_goal": 0.007176675833761692}
{"event": "train", "step": 26000, "loss": 0.031098579987883568, "pred": 0.0011468988377600908, "var": 0.0, "probe": 0.002707483246922493, "achieved": 3.3341329981340095e-06, "distance": 6.375939847202972e-06, "goal": 0.0021073673851788044, "pred_probe": 0.054793816059827805, "pred_achieved": 1.549961234559305e-05, "pred_goal": 0.007129647769033909}
{"event": "train", "step": 26500, "loss": 0.03608378767967224, "pred": 0.001156498328782618, "var": 6.519956514239311e-05, "probe": 0.003005814040079713, "achieved": 2.1491919142135885e-06, "distance": 6.85080885887146e-06, "goal": 0.006751503795385361, "pred_probe": 0.06362143903970718, "pred_achieved": 1.6873342246981338e-05, "pred_goal": 0.008296208456158638}
{"event": "train", "step": 27000, "loss": 0.033531345427036285, "pred": 0.0011555394157767296, "var": 0.0, "probe": 0.0029558141250163317, "achieved": 2.3017778403300326e-06, "distance": 6.886979463160969e-06, "goal": 0.0022140112705528736, "pred_probe": 0.05779096111655235, "pred_achieved": 1.6404985217377543e-05, "pred_goal": 0.011372310109436512}
{"event": "train", "step": 27500, "loss": 0.03573586419224739, "pred": 0.0010959927458316088, "var": 0.0, "probe": 0.0025726724416017532, "achieved": 2.1254306830087444e-06, "distance": 6.446219231293071e-06, "goal": 0.003751172684133053, "pred_probe": 0.06388972699642181, "pred_achieved": 1.5344547136919573e-05, "pred_goal": 0.007608150597661734}
{"event": "train", "step": 28000, "loss": 0.03323003277182579, "pred": 0.0011389098362997174, "var": 0.0, "probe": 0.0025827474892139435, "achieved": 2.0037577996845357e-06, "distance": 5.7221759561798535e-06, "goal": 0.00638995785266161, "pred_probe": 0.058187879621982574, "pred_achieved": 1.5179252841335256e-05, "pred_goal": 0.008477265946567059}
{"event": "train", "step": 28500, "loss": 0.032298412173986435, "pred": 0.0011410873848944902, "var": 0.0, "probe": 0.0025545554235577583, "achieved": 2.424144213364343e-06, "distance": 6.384859261743259e-06, "goal": 0.009422758594155312, "pred_probe": 0.05586278438568115, "pred_achieved": 1.4754565199837089e-05, "pred_goal": 0.008944034576416016}
{"event": "train", "step": 29000, "loss": 0.03433219715952873, "pred": 0.001195141114294529, "var": 0.0, "probe": 0.002855609403923154, "achieved": 2.5879385248117615e-06, "distance": 6.061934072931763e-06, "goal": 0.0014661038294434547, "pred_probe": 0.06061837822198868, "pred_achieved": 1.601527947059367e-05, "pred_goal": 0.008448699489235878}
{"event": "train", "step": 29500, "loss": 0.032431501895189285, "pred": 0.0011386180995032191, "var": 0.0, "probe": 0.0030169831588864326, "achieved": 1.8769615053315647e-06, "distance": 7.91726415627636e-06, "goal": 0.0013032922288402915, "pred_probe": 0.0570630244910717, "pred_achieved": 1.6459087419207208e-05, "pred_goal": 0.007946285419166088}
{"event": "train", "step": 30000, "loss": 0.031667958945035934, "pred": 0.001133927027694881, "var": 0.0, "probe": 0.0023335774894803762, "achieved": 1.7778754681785358e-06, "distance": 5.837599928781856e-06, "goal": 0.0021239423658698797, "pred_probe": 0.056029677391052246, "pred_achieved": 1.5062810234667268e-05, "pred_goal": 0.007426060736179352}
{"event": "train", "step": 30500, "loss": 0.032803725451231, "pred": 0.0011885975254699588, "var": 0.0, "probe": 0.0022572732996195555, "achieved": 1.8687458123167744e-06, "distance": 4.297611212678021e-06, "goal": 0.0024034762755036354, "pred_probe": 0.057844724506139755, "pred_achieved": 1.657162283663638e-05, "pred_goal": 0.008072149939835072}
{"event": "train", "step": 31000, "loss": 0.02950909547507763, "pred": 0.001119942869991064, "var": 0.0, "probe": 0.0027809806633740664, "achieved": 2.9117306894477224e-06, "distance": 6.319989552139305e-06, "goal": 0.003478481899946928, "pred_probe": 0.05172161012887955, "pred_achieved": 1.382340178679442e-05, "pred_goal": 0.006843253504484892}
{"event": "train", "step": 31500, "loss": 0.0288858562707901, "pred": 0.0011017356300726533, "var": 0.0, "probe": 0.0026133523788303137, "achieved": 2.115207053066115e-06, "distance": 5.855470590176992e-06, "goal": 0.002434474416077137, "pred_probe": 0.05066472291946411, "pred_achieved": 1.3110346117173322e-05, "pred_goal": 0.007015928626060486}
{"event": "train", "step": 32000, "loss": 0.028658999130129814, "pred": 0.0010704428423196077, "var": 0.0, "probe": 0.002404923317953944, "achieved": 1.9765616343647707e-06, "distance": 5.3497296903515235e-06, "goal": 0.002944628708064556, "pred_probe": 0.05046207830309868, "pred_achieved": 1.5568002709187567e-05, "pred_goal": 0.0062605589628219604}
{"event": "train", "step": 32500, "loss": 0.03132889047265053, "pred": 0.001147983130067587, "var": 0.0, "probe": 0.0026661285664886236, "achieved": 3.7039269500382943e-06, "distance": 6.704705810989253e-06, "goal": 0.0018343268893659115, "pred_probe": 0.054583609104156494, "pred_achieved": 2.056241464742925e-05, "pred_goal": 0.008142161183059216}
{"event": "train", "step": 33000, "loss": 0.029170610010623932, "pred": 0.0011443368857726455, "var": 0.0003009685315191746, "probe": 0.0025200126692652702, "achieved": 2.1044165805506054e-06, "distance": 4.624961547960993e-06, "goal": 0.003483491949737072, "pred_probe": 0.051072027534246445, "pred_achieved": 1.324023924098583e-05, "pred_goal": 0.006990511901676655}
{"event": "train", "step": 33500, "loss": 0.031616225838661194, "pred": 0.001134058809839189, "var": 0.0, "probe": 0.0023086084984242916, "achieved": 2.082213541143574e-06, "distance": 5.057885573478416e-06, "goal": 0.015934545546770096, "pred_probe": 0.05277487635612488, "pred_achieved": 1.5090551642060746e-05, "pred_goal": 0.01186449732631445}
{"event": "train", "step": 34000, "loss": 0.029107870534062386, "pred": 0.001140542677603662, "var": 0.0, "probe": 0.002221101662144065, "achieved": 1.9502122086123563e-06, "distance": 6.063751698093256e-06, "goal": 0.003626055084168911, "pred_probe": 0.050850760191679, "pred_achieved": 1.4236118659027852e-05, "pred_goal": 0.007396436762064695}
{"event": "train", "step": 34500, "loss": 0.02897541970014572, "pred": 0.0011139294365420938, "var": 0.0, "probe": 0.002550233155488968, "achieved": 2.628732318044058e-06, "distance": 4.393388735479675e-06, "goal": 0.0013725725002586842, "pred_probe": 0.05055881664156914, "pred_achieved": 1.4312320672615897e-05, "pred_goal": 0.007803366519510746}
{"event": "train", "step": 35000, "loss": 0.028872130438685417, "pred": 0.0011515285586938262, "var": 0.0, "probe": 0.0024921316653490067, "achieved": 2.1821515474584885e-06, "distance": 6.4300520534743555e-06, "goal": 0.004360961727797985, "pred_probe": 0.05019873008131981, "pred_achieved": 1.3812667930324096e-05, "pred_goal": 0.007395744323730469}
{"event": "train", "step": 35500, "loss": 0.031241105869412422, "pred": 0.0011602521408349276, "var": 0.0, "probe": 0.002547512063756585, "achieved": 2.1535938685701694e-06, "distance": 5.232798685028683e-06, "goal": 0.014817281626164913, "pred_probe": 0.05251379683613777, "pred_achieved": 1.5227960830088705e-05, "pred_goal": 0.010528604499995708}
{"event": "train", "step": 36000, "loss": 0.02941569872200489, "pred": 0.0011494600912556052, "var": 2.155965194106102e-05, "probe": 0.0023436439223587513, "achieved": 2.2338967937685084e-06, "distance": 5.23346898262389e-06, "goal": 0.001650873920880258, "pred_probe": 0.0515335388481617, "pred_achieved": 1.4257230759540107e-05, "pred_goal": 0.007543090730905533}
{"event": "train", "step": 36500, "loss": 0.030352070927619934, "pred": 0.001137520419433713, "var": 6.44708052277565e-06, "probe": 0.0023486807476729155, "achieved": 3.0549017537850887e-06, "distance": 6.073365966585698e-06, "goal": 0.0047271959483623505, "pred_probe": 0.05323212221264839, "pred_achieved": 1.3714752640225925e-05, "pred_goal": 0.007326209452003241}
{"event": "train", "step": 37000, "loss": 0.02615922875702381, "pred": 0.001132671139203012, "var": 2.6743393391370773e-05, "probe": 0.0022541354410350323, "achieved": 1.8185410226578824e-06, "distance": 4.995994459022768e-06, "goal": 0.0036192440893501043, "pred_probe": 0.0451323501765728, "pred_achieved": 1.3161236893211026e-05, "pred_goal": 0.007119390647858381}
{"event": "train", "step": 37500, "loss": 0.029438484460115433, "pred": 0.001166046946309507, "var": 0.0, "probe": 0.0024847316090017557, "achieved": 2.214580035797553e-06, "distance": 5.279129254631698e-06, "goal": 0.001388208707794547, "pred_probe": 0.05118690803647041, "pred_achieved": 1.4196091797202826e-05, "pred_goal": 0.008377029560506344}
{"event": "train", "step": 38000, "loss": 0.027787726372480392, "pred": 0.0011089615290984511, "var": 0.0, "probe": 0.002254342660307884, "achieved": 1.9836986666632583e-06, "distance": 4.352620635472704e-06, "goal": 0.0022192748729139566, "pred_probe": 0.04805104434490204, "pred_achieved": 1.3835592653776985e-05, "pred_goal": 0.008331035263836384}
{"event": "train", "step": 38500, "loss": 0.029118306934833527, "pred": 0.0011319858022034168, "var": 0.0, "probe": 0.002751002088189125, "achieved": 2.603071607154561e-06, "distance": 5.5649511523370165e-06, "goal": 0.003989087417721748, "pred_probe": 0.05100536346435547, "pred_achieved": 1.3960408068669494e-05, "pred_goal": 0.006509394850581884}
{"event": "train", "step": 39000, "loss": 0.029190752655267715, "pred": 0.001117706298828125, "var": 0.0, "probe": 0.002527366392314434, "achieved": 1.8093613789460505e-06, "distance": 5.224842425377574e-06, "goal": 0.0024030921049416065, "pred_probe": 0.04982242360711098, "pred_achieved": 1.3475169907906093e-05, "pred_goal": 0.010613211430609226}
{"event": "train", "step": 39500, "loss": 0.030763261020183563, "pred": 0.0011483728885650635, "var": 0.0, "probe": 0.0028351612854748964, "achieved": 1.987253426705138e-06, "distance": 5.4608813115919475e-06, "goal": 0.0016307916957885027, "pred_probe": 0.05399870499968529, "pred_achieved": 1.4657310202892404e-05, "pred_goal": 0.007585171144455671}
{"event": "train", "step": 40000, "loss": 0.021249981597065926, "pred": 0.001085336203686893, "var": 0.0, "probe": 0.0021794282365590334, "achieved": 2.0777397367055528e-06, "distance": 5.534081537916791e-06, "goal": 0.0027721403166651726, "pred_probe": 0.03578786924481392, "pred_achieved": 1.1044275197491515e-05, "pred_goal": 0.006771114654839039}
{"event": "saved", "path": "runs/fetch_push/checkpoints/push_v2_checkpoint.pt", "step": 40000}
{"event": "saved_model", "path": "runs/fetch_push/checkpoints/push_v2_model.pt", "step": 40000}
Terminated                 python -m jepa_robotics.train --task "$TASK_NAME" --output-root runs --seed "${SEED:-41}" --collect-steps "${COLLECT_STEPS:-400000}" --collect-log-every 20000 --scripted-fraction "$SCRIPTED_FRACTION" --controller-gain "$CONTROLLER_GAIN" --action-noise "$ACTION_NOISE" --train-steps "${TRAIN_STEPS:-120000}" --batch-size 512 --horizons 1,2,4,8,16 --latent-dim 128 --hidden-dim 512 --predictor-mode recurrent --lr 3e-4 --ema 0.996 --lambda-pred-probe 0.5 --lambda-pred-achieved 30.0 --lambda-pred-goal 0.2 --lambda-probe 0.2 --lambda-achieved 5.0 --lambda-goal 0.05 --lambda-distance 0.05 --eval-episodes 5 --mpc-candidates 128 --mpc-horizon 12 --log-every 500 --save-every 20000 --device cuda --model-path "$MODEL_PATH" --save-path "$CKPT_PATH"
